error: cannot open Packages database in /var/lib/rpm
+ umask 022
+ cd /home/berendei/Desktop/lab06/solver_application/_CPack_Packages/Linux/RPM/BUILD
+ mv /home/berendei/Desktop/lab06/solver_application/_CPack_Packages/Linux/RPM/solver-0.1.1-Linux /home/berendei/Desktop/lab06/solver_application/_CPack_Packages/Linux/RPM/tmpBBroot
+ RPM_EC=0
++ jobs -p
+ exit 0
+ umask 022
+ cd /home/berendei/Desktop/lab06/solver_application/_CPack_Packages/Linux/RPM/BUILD
+ /usr/bin/rm -rf /home/berendei/Desktop/lab06/solver_application/_CPack_Packages/Linux/RPM/solver-0.1.1-Linux
+ /usr/bin/mkdir -p /home/berendei/Desktop/lab06/solver_application/_CPack_Packages/Linux/RPM
+ /usr/bin/mkdir /home/berendei/Desktop/lab06/solver_application/_CPack_Packages/Linux/RPM/solver-0.1.1-Linux
+ '[' -e /home/berendei/Desktop/lab06/solver_application/_CPack_Packages/Linux/RPM/solver-0.1.1-Linux ']'
+ rm -rf /home/berendei/Desktop/lab06/solver_application/_CPack_Packages/Linux/RPM/solver-0.1.1-Linux
+ mv /home/berendei/Desktop/lab06/solver_application/_CPack_Packages/Linux/RPM/tmpBBroot /home/berendei/Desktop/lab06/solver_application/_CPack_Packages/Linux/RPM/solver-0.1.1-Linux
+ /usr/lib/rpm/brp-compress /usr
+ /usr/lib/rpm/brp-strip /usr/bin/strip
+ /usr/lib/rpm/brp-strip-static-archive /usr/bin/strip
+ /usr/lib/rpm/brp-strip-comment-note /usr/bin/strip /usr/bin/objdump
+ umask 022
+ cd /home/berendei/Desktop/lab06/solver_application/_CPack_Packages/Linux/RPM/BUILD
+ RPM_EC=0
++ jobs -p
+ exit 0
